[ 2023-05-09 11:20:05,417 ] 22 root - INFO - Importing collection data as pandas dataframe
[ 2023-05-09 11:20:05,417 ] 12 root - INFO - reading from aps2 database and sensor2 collection
[ 2023-05-09 11:20:08,853 ] 15 root - INFO - found Index(['_id', 'class', 'aa_000', 'ab_000', 'ac_000', 'ad_000', 'ae_000',
       'af_000', 'ag_000', 'ag_001',
       ...
       'ee_002', 'ee_003', 'ee_004', 'ee_005', 'ee_006', 'ee_007', 'ee_008',
       'ee_009', 'ef_000', 'eg_000'],
      dtype='object', length=172) columns
[ 2023-05-09 11:20:08,853 ] 18 root - INFO - dropping id column
[ 2023-05-09 11:20:09,040 ] 21 root - INFO - (36188, 171) is the number of rows and columns in df
[ 2023-05-09 11:20:09,041 ] 26 root - INFO - replacing na values to np.NaN
[ 2023-05-09 11:20:10,378 ] 29 root - INFO - creating feature store dir
[ 2023-05-09 11:20:10,379 ] 33 root - INFO - storing df in feature store dir
[ 2023-05-09 11:20:12,224 ] 36 root - INFO - splitting df to train and test
[ 2023-05-09 11:20:12,536 ] 39 root - INFO - creating dataset dir
[ 2023-05-09 11:20:12,537 ] 43 root - INFO - saving train and test df to dataset dir
[ 2023-05-09 11:20:14,379 ] 47 root - INFO - preparing artifact
[ 2023-05-09 11:20:14,775 ] 18 root - INFO - >>>>>>>>>>>>>>>>>>>>>>>>>>>>>>>>>>>>>>>> Data Validation <<<<<<<<<<<<<<<<<<<<<<<<<<<<<<<<<<<<<<<<
[ 2023-05-09 11:20:14,775 ] 109 root - INFO - reading base_df
[ 2023-05-09 11:20:16,944 ] 114 root - INFO - dropping missing values in base_df
[ 2023-05-09 11:20:16,944 ] 39 root - INFO - dropping columns which has missing values above 0.2
[ 2023-05-09 11:20:17,242 ] 46 root - INFO - return none if no columns left
[ 2023-05-09 11:20:17,242 ] 118 root - INFO - reading train and test df
[ 2023-05-09 11:20:17,704 ] 123 root - INFO - dropping missing values in train and test df
[ 2023-05-09 11:20:17,704 ] 39 root - INFO - dropping columns which has missing values above 0.2
[ 2023-05-09 11:20:17,721 ] 46 root - INFO - return none if no columns left
[ 2023-05-09 11:20:17,721 ] 39 root - INFO - dropping columns which has missing values above 0.2
[ 2023-05-09 11:20:17,726 ] 46 root - INFO - return none if no columns left
[ 2023-05-09 11:20:17,726 ] 45 root - INFO - converting dtype of all columns to float except target column
[ 2023-05-09 11:20:17,727 ] 45 root - INFO - converting dtype of all columns to float except target column
[ 2023-05-09 11:20:17,732 ] 45 root - INFO - converting dtype of all columns to float except target column
[ 2023-05-09 11:20:17,736 ] 45 root - INFO - converting dtype of all columns to float except target column
[ 2023-05-09 11:20:17,739 ] 45 root - INFO - converting dtype of all columns to float except target column
[ 2023-05-09 11:20:17,743 ] 45 root - INFO - converting dtype of all columns to float except target column
[ 2023-05-09 11:20:17,747 ] 45 root - INFO - converting dtype of all columns to float except target column
[ 2023-05-09 11:20:17,751 ] 45 root - INFO - converting dtype of all columns to float except target column
[ 2023-05-09 11:20:17,755 ] 45 root - INFO - converting dtype of all columns to float except target column
[ 2023-05-09 11:20:17,760 ] 45 root - INFO - converting dtype of all columns to float except target column
[ 2023-05-09 11:20:17,765 ] 45 root - INFO - converting dtype of all columns to float except target column
[ 2023-05-09 11:20:17,770 ] 45 root - INFO - converting dtype of all columns to float except target column
[ 2023-05-09 11:20:17,775 ] 45 root - INFO - converting dtype of all columns to float except target column
[ 2023-05-09 11:20:17,779 ] 45 root - INFO - converting dtype of all columns to float except target column
[ 2023-05-09 11:20:17,784 ] 45 root - INFO - converting dtype of all columns to float except target column
[ 2023-05-09 11:20:17,789 ] 45 root - INFO - converting dtype of all columns to float except target column
[ 2023-05-09 11:20:17,793 ] 45 root - INFO - converting dtype of all columns to float except target column
[ 2023-05-09 11:20:17,797 ] 45 root - INFO - converting dtype of all columns to float except target column
[ 2023-05-09 11:20:17,801 ] 45 root - INFO - converting dtype of all columns to float except target column
[ 2023-05-09 11:20:17,805 ] 45 root - INFO - converting dtype of all columns to float except target column
[ 2023-05-09 11:20:17,810 ] 45 root - INFO - converting dtype of all columns to float except target column
[ 2023-05-09 11:20:17,814 ] 45 root - INFO - converting dtype of all columns to float except target column
[ 2023-05-09 11:20:17,819 ] 45 root - INFO - converting dtype of all columns to float except target column
[ 2023-05-09 11:20:17,824 ] 45 root - INFO - converting dtype of all columns to float except target column
[ 2023-05-09 11:20:17,829 ] 45 root - INFO - converting dtype of all columns to float except target column
[ 2023-05-09 11:20:17,833 ] 45 root - INFO - converting dtype of all columns to float except target column
[ 2023-05-09 11:20:17,837 ] 45 root - INFO - converting dtype of all columns to float except target column
[ 2023-05-09 11:20:17,841 ] 45 root - INFO - converting dtype of all columns to float except target column
[ 2023-05-09 11:20:17,845 ] 45 root - INFO - converting dtype of all columns to float except target column
[ 2023-05-09 11:20:17,849 ] 45 root - INFO - converting dtype of all columns to float except target column
[ 2023-05-09 11:20:17,854 ] 45 root - INFO - converting dtype of all columns to float except target column
[ 2023-05-09 11:20:17,858 ] 45 root - INFO - converting dtype of all columns to float except target column
[ 2023-05-09 11:20:17,862 ] 45 root - INFO - converting dtype of all columns to float except target column
[ 2023-05-09 11:20:17,865 ] 45 root - INFO - converting dtype of all columns to float except target column
[ 2023-05-09 11:20:17,869 ] 45 root - INFO - converting dtype of all columns to float except target column
[ 2023-05-09 11:20:17,873 ] 45 root - INFO - converting dtype of all columns to float except target column
[ 2023-05-09 11:20:17,878 ] 45 root - INFO - converting dtype of all columns to float except target column
[ 2023-05-09 11:20:17,883 ] 45 root - INFO - converting dtype of all columns to float except target column
[ 2023-05-09 11:20:17,888 ] 45 root - INFO - converting dtype of all columns to float except target column
[ 2023-05-09 11:20:17,892 ] 45 root - INFO - converting dtype of all columns to float except target column
[ 2023-05-09 11:20:17,896 ] 45 root - INFO - converting dtype of all columns to float except target column
[ 2023-05-09 11:20:17,901 ] 45 root - INFO - converting dtype of all columns to float except target column
[ 2023-05-09 11:20:17,906 ] 45 root - INFO - converting dtype of all columns to float except target column
[ 2023-05-09 11:20:17,911 ] 45 root - INFO - converting dtype of all columns to float except target column
[ 2023-05-09 11:20:17,916 ] 45 root - INFO - converting dtype of all columns to float except target column
[ 2023-05-09 11:20:17,921 ] 45 root - INFO - converting dtype of all columns to float except target column
[ 2023-05-09 11:20:17,925 ] 45 root - INFO - converting dtype of all columns to float except target column
[ 2023-05-09 11:20:17,930 ] 45 root - INFO - converting dtype of all columns to float except target column
[ 2023-05-09 11:20:17,935 ] 45 root - INFO - converting dtype of all columns to float except target column
[ 2023-05-09 11:20:17,939 ] 45 root - INFO - converting dtype of all columns to float except target column
[ 2023-05-09 11:20:17,942 ] 45 root - INFO - converting dtype of all columns to float except target column
[ 2023-05-09 11:20:17,947 ] 45 root - INFO - converting dtype of all columns to float except target column
[ 2023-05-09 11:20:17,952 ] 45 root - INFO - converting dtype of all columns to float except target column
[ 2023-05-09 11:20:17,957 ] 45 root - INFO - converting dtype of all columns to float except target column
[ 2023-05-09 11:20:17,962 ] 45 root - INFO - converting dtype of all columns to float except target column
[ 2023-05-09 11:20:17,967 ] 45 root - INFO - converting dtype of all columns to float except target column
[ 2023-05-09 11:20:17,972 ] 45 root - INFO - converting dtype of all columns to float except target column
[ 2023-05-09 11:20:17,977 ] 45 root - INFO - converting dtype of all columns to float except target column
[ 2023-05-09 11:20:17,981 ] 45 root - INFO - converting dtype of all columns to float except target column
[ 2023-05-09 11:20:17,986 ] 45 root - INFO - converting dtype of all columns to float except target column
[ 2023-05-09 11:20:17,990 ] 45 root - INFO - converting dtype of all columns to float except target column
[ 2023-05-09 11:20:17,995 ] 45 root - INFO - converting dtype of all columns to float except target column
[ 2023-05-09 11:20:18,000 ] 45 root - INFO - converting dtype of all columns to float except target column
[ 2023-05-09 11:20:18,005 ] 45 root - INFO - converting dtype of all columns to float except target column
[ 2023-05-09 11:20:18,009 ] 45 root - INFO - converting dtype of all columns to float except target column
[ 2023-05-09 11:20:18,014 ] 45 root - INFO - converting dtype of all columns to float except target column
[ 2023-05-09 11:20:18,018 ] 45 root - INFO - converting dtype of all columns to float except target column
[ 2023-05-09 11:20:18,023 ] 45 root - INFO - converting dtype of all columns to float except target column
[ 2023-05-09 11:20:18,028 ] 45 root - INFO - converting dtype of all columns to float except target column
[ 2023-05-09 11:20:18,033 ] 45 root - INFO - converting dtype of all columns to float except target column
[ 2023-05-09 11:20:18,038 ] 45 root - INFO - converting dtype of all columns to float except target column
[ 2023-05-09 11:20:18,043 ] 45 root - INFO - converting dtype of all columns to float except target column
[ 2023-05-09 11:20:18,048 ] 45 root - INFO - converting dtype of all columns to float except target column
[ 2023-05-09 11:20:18,053 ] 45 root - INFO - converting dtype of all columns to float except target column
[ 2023-05-09 11:20:18,058 ] 45 root - INFO - converting dtype of all columns to float except target column
[ 2023-05-09 11:20:18,063 ] 45 root - INFO - converting dtype of all columns to float except target column
[ 2023-05-09 11:20:18,067 ] 45 root - INFO - converting dtype of all columns to float except target column
[ 2023-05-09 11:20:18,072 ] 45 root - INFO - converting dtype of all columns to float except target column
[ 2023-05-09 11:20:18,077 ] 45 root - INFO - converting dtype of all columns to float except target column
[ 2023-05-09 11:20:18,082 ] 45 root - INFO - converting dtype of all columns to float except target column
[ 2023-05-09 11:20:18,087 ] 45 root - INFO - converting dtype of all columns to float except target column
[ 2023-05-09 11:20:18,091 ] 45 root - INFO - converting dtype of all columns to float except target column
[ 2023-05-09 11:20:18,097 ] 45 root - INFO - converting dtype of all columns to float except target column
[ 2023-05-09 11:20:18,101 ] 45 root - INFO - converting dtype of all columns to float except target column
[ 2023-05-09 11:20:18,107 ] 45 root - INFO - converting dtype of all columns to float except target column
[ 2023-05-09 11:20:18,111 ] 45 root - INFO - converting dtype of all columns to float except target column
[ 2023-05-09 11:20:18,115 ] 45 root - INFO - converting dtype of all columns to float except target column
[ 2023-05-09 11:20:18,119 ] 45 root - INFO - converting dtype of all columns to float except target column
[ 2023-05-09 11:20:18,123 ] 45 root - INFO - converting dtype of all columns to float except target column
[ 2023-05-09 11:20:18,128 ] 45 root - INFO - converting dtype of all columns to float except target column
[ 2023-05-09 11:20:18,133 ] 45 root - INFO - converting dtype of all columns to float except target column
[ 2023-05-09 11:20:18,138 ] 45 root - INFO - converting dtype of all columns to float except target column
[ 2023-05-09 11:20:18,142 ] 45 root - INFO - converting dtype of all columns to float except target column
[ 2023-05-09 11:20:18,147 ] 45 root - INFO - converting dtype of all columns to float except target column
[ 2023-05-09 11:20:18,152 ] 45 root - INFO - converting dtype of all columns to float except target column
[ 2023-05-09 11:20:18,157 ] 45 root - INFO - converting dtype of all columns to float except target column
[ 2023-05-09 11:20:18,162 ] 45 root - INFO - converting dtype of all columns to float except target column
[ 2023-05-09 11:20:18,166 ] 45 root - INFO - converting dtype of all columns to float except target column
[ 2023-05-09 11:20:18,171 ] 45 root - INFO - converting dtype of all columns to float except target column
[ 2023-05-09 11:20:18,176 ] 45 root - INFO - converting dtype of all columns to float except target column
[ 2023-05-09 11:20:18,181 ] 45 root - INFO - converting dtype of all columns to float except target column
[ 2023-05-09 11:20:18,185 ] 45 root - INFO - converting dtype of all columns to float except target column
[ 2023-05-09 11:20:18,190 ] 45 root - INFO - converting dtype of all columns to float except target column
[ 2023-05-09 11:20:18,195 ] 45 root - INFO - converting dtype of all columns to float except target column
[ 2023-05-09 11:20:18,200 ] 45 root - INFO - converting dtype of all columns to float except target column
[ 2023-05-09 11:20:18,205 ] 45 root - INFO - converting dtype of all columns to float except target column
[ 2023-05-09 11:20:18,210 ] 45 root - INFO - converting dtype of all columns to float except target column
[ 2023-05-09 11:20:18,215 ] 45 root - INFO - converting dtype of all columns to float except target column
[ 2023-05-09 11:20:18,219 ] 45 root - INFO - converting dtype of all columns to float except target column
[ 2023-05-09 11:20:18,223 ] 45 root - INFO - converting dtype of all columns to float except target column
[ 2023-05-09 11:20:18,228 ] 45 root - INFO - converting dtype of all columns to float except target column
[ 2023-05-09 11:20:18,232 ] 45 root - INFO - converting dtype of all columns to float except target column
[ 2023-05-09 11:20:18,235 ] 45 root - INFO - converting dtype of all columns to float except target column
[ 2023-05-09 11:20:18,239 ] 45 root - INFO - converting dtype of all columns to float except target column
[ 2023-05-09 11:20:18,243 ] 45 root - INFO - converting dtype of all columns to float except target column
[ 2023-05-09 11:20:18,247 ] 45 root - INFO - converting dtype of all columns to float except target column
[ 2023-05-09 11:20:18,251 ] 45 root - INFO - converting dtype of all columns to float except target column
[ 2023-05-09 11:20:18,255 ] 45 root - INFO - converting dtype of all columns to float except target column
[ 2023-05-09 11:20:18,259 ] 45 root - INFO - converting dtype of all columns to float except target column
[ 2023-05-09 11:20:18,263 ] 45 root - INFO - converting dtype of all columns to float except target column
[ 2023-05-09 11:20:18,268 ] 45 root - INFO - converting dtype of all columns to float except target column
[ 2023-05-09 11:20:18,273 ] 45 root - INFO - converting dtype of all columns to float except target column
[ 2023-05-09 11:20:18,277 ] 45 root - INFO - converting dtype of all columns to float except target column
[ 2023-05-09 11:20:18,281 ] 45 root - INFO - converting dtype of all columns to float except target column
[ 2023-05-09 11:20:18,286 ] 45 root - INFO - converting dtype of all columns to float except target column
[ 2023-05-09 11:20:18,290 ] 45 root - INFO - converting dtype of all columns to float except target column
[ 2023-05-09 11:20:18,295 ] 45 root - INFO - converting dtype of all columns to float except target column
[ 2023-05-09 11:20:18,300 ] 45 root - INFO - converting dtype of all columns to float except target column
[ 2023-05-09 11:20:18,305 ] 45 root - INFO - converting dtype of all columns to float except target column
[ 2023-05-09 11:20:18,309 ] 45 root - INFO - converting dtype of all columns to float except target column
[ 2023-05-09 11:20:18,313 ] 45 root - INFO - converting dtype of all columns to float except target column
[ 2023-05-09 11:20:18,317 ] 45 root - INFO - converting dtype of all columns to float except target column
[ 2023-05-09 11:20:18,321 ] 45 root - INFO - converting dtype of all columns to float except target column
[ 2023-05-09 11:20:18,326 ] 45 root - INFO - converting dtype of all columns to float except target column
[ 2023-05-09 11:20:18,330 ] 45 root - INFO - converting dtype of all columns to float except target column
[ 2023-05-09 11:20:18,335 ] 45 root - INFO - converting dtype of all columns to float except target column
[ 2023-05-09 11:20:18,340 ] 45 root - INFO - converting dtype of all columns to float except target column
[ 2023-05-09 11:20:18,345 ] 45 root - INFO - converting dtype of all columns to float except target column
[ 2023-05-09 11:20:18,350 ] 45 root - INFO - converting dtype of all columns to float except target column
[ 2023-05-09 11:20:18,355 ] 45 root - INFO - converting dtype of all columns to float except target column
[ 2023-05-09 11:20:18,360 ] 45 root - INFO - converting dtype of all columns to float except target column
[ 2023-05-09 11:20:18,365 ] 45 root - INFO - converting dtype of all columns to float except target column
[ 2023-05-09 11:20:18,370 ] 45 root - INFO - converting dtype of all columns to float except target column
[ 2023-05-09 11:20:18,374 ] 45 root - INFO - converting dtype of all columns to float except target column
[ 2023-05-09 11:20:18,379 ] 45 root - INFO - converting dtype of all columns to float except target column
[ 2023-05-09 11:20:18,383 ] 45 root - INFO - converting dtype of all columns to float except target column
[ 2023-05-09 11:20:18,386 ] 45 root - INFO - converting dtype of all columns to float except target column
[ 2023-05-09 11:20:18,387 ] 45 root - INFO - converting dtype of all columns to float except target column
[ 2023-05-09 11:20:18,387 ] 45 root - INFO - converting dtype of all columns to float except target column
[ 2023-05-09 11:20:18,388 ] 45 root - INFO - converting dtype of all columns to float except target column
[ 2023-05-09 11:20:18,388 ] 45 root - INFO - converting dtype of all columns to float except target column
[ 2023-05-09 11:20:18,389 ] 45 root - INFO - converting dtype of all columns to float except target column
[ 2023-05-09 11:20:18,389 ] 45 root - INFO - converting dtype of all columns to float except target column
[ 2023-05-09 11:20:18,390 ] 45 root - INFO - converting dtype of all columns to float except target column
[ 2023-05-09 11:20:18,390 ] 45 root - INFO - converting dtype of all columns to float except target column
[ 2023-05-09 11:20:18,390 ] 45 root - INFO - converting dtype of all columns to float except target column
[ 2023-05-09 11:20:18,391 ] 45 root - INFO - converting dtype of all columns to float except target column
[ 2023-05-09 11:20:18,391 ] 45 root - INFO - converting dtype of all columns to float except target column
[ 2023-05-09 11:20:18,392 ] 45 root - INFO - converting dtype of all columns to float except target column
[ 2023-05-09 11:20:18,392 ] 45 root - INFO - converting dtype of all columns to float except target column
[ 2023-05-09 11:20:18,393 ] 45 root - INFO - converting dtype of all columns to float except target column
[ 2023-05-09 11:20:18,393 ] 45 root - INFO - converting dtype of all columns to float except target column
[ 2023-05-09 11:20:18,394 ] 45 root - INFO - converting dtype of all columns to float except target column
[ 2023-05-09 11:20:18,394 ] 45 root - INFO - converting dtype of all columns to float except target column
[ 2023-05-09 11:20:18,394 ] 45 root - INFO - converting dtype of all columns to float except target column
[ 2023-05-09 11:20:18,395 ] 45 root - INFO - converting dtype of all columns to float except target column
[ 2023-05-09 11:20:18,395 ] 45 root - INFO - converting dtype of all columns to float except target column
[ 2023-05-09 11:20:18,396 ] 45 root - INFO - converting dtype of all columns to float except target column
[ 2023-05-09 11:20:18,396 ] 45 root - INFO - converting dtype of all columns to float except target column
[ 2023-05-09 11:20:18,397 ] 45 root - INFO - converting dtype of all columns to float except target column
[ 2023-05-09 11:20:18,397 ] 45 root - INFO - converting dtype of all columns to float except target column
[ 2023-05-09 11:20:18,398 ] 45 root - INFO - converting dtype of all columns to float except target column
[ 2023-05-09 11:20:18,398 ] 45 root - INFO - converting dtype of all columns to float except target column
[ 2023-05-09 11:20:18,399 ] 45 root - INFO - converting dtype of all columns to float except target column
[ 2023-05-09 11:20:18,399 ] 45 root - INFO - converting dtype of all columns to float except target column
[ 2023-05-09 11:20:18,399 ] 45 root - INFO - converting dtype of all columns to float except target column
[ 2023-05-09 11:20:18,400 ] 45 root - INFO - converting dtype of all columns to float except target column
[ 2023-05-09 11:20:18,400 ] 45 root - INFO - converting dtype of all columns to float except target column
[ 2023-05-09 11:20:18,401 ] 45 root - INFO - converting dtype of all columns to float except target column
[ 2023-05-09 11:20:18,401 ] 45 root - INFO - converting dtype of all columns to float except target column
[ 2023-05-09 11:20:18,402 ] 45 root - INFO - converting dtype of all columns to float except target column
[ 2023-05-09 11:20:18,402 ] 45 root - INFO - converting dtype of all columns to float except target column
[ 2023-05-09 11:20:18,403 ] 45 root - INFO - converting dtype of all columns to float except target column
[ 2023-05-09 11:20:18,403 ] 45 root - INFO - converting dtype of all columns to float except target column
[ 2023-05-09 11:20:18,403 ] 45 root - INFO - converting dtype of all columns to float except target column
[ 2023-05-09 11:20:18,404 ] 45 root - INFO - converting dtype of all columns to float except target column
[ 2023-05-09 11:20:18,404 ] 45 root - INFO - converting dtype of all columns to float except target column
[ 2023-05-09 11:20:18,405 ] 45 root - INFO - converting dtype of all columns to float except target column
[ 2023-05-09 11:20:18,405 ] 45 root - INFO - converting dtype of all columns to float except target column
[ 2023-05-09 11:20:18,406 ] 45 root - INFO - converting dtype of all columns to float except target column
[ 2023-05-09 11:20:18,406 ] 45 root - INFO - converting dtype of all columns to float except target column
[ 2023-05-09 11:20:18,407 ] 45 root - INFO - converting dtype of all columns to float except target column
[ 2023-05-09 11:20:18,407 ] 45 root - INFO - converting dtype of all columns to float except target column
[ 2023-05-09 11:20:18,407 ] 45 root - INFO - converting dtype of all columns to float except target column
[ 2023-05-09 11:20:18,408 ] 45 root - INFO - converting dtype of all columns to float except target column
[ 2023-05-09 11:20:18,408 ] 45 root - INFO - converting dtype of all columns to float except target column
[ 2023-05-09 11:20:18,409 ] 45 root - INFO - converting dtype of all columns to float except target column
[ 2023-05-09 11:20:18,409 ] 45 root - INFO - converting dtype of all columns to float except target column
[ 2023-05-09 11:20:18,410 ] 45 root - INFO - converting dtype of all columns to float except target column
[ 2023-05-09 11:20:18,410 ] 45 root - INFO - converting dtype of all columns to float except target column
[ 2023-05-09 11:20:18,411 ] 45 root - INFO - converting dtype of all columns to float except target column
[ 2023-05-09 11:20:18,411 ] 45 root - INFO - converting dtype of all columns to float except target column
[ 2023-05-09 11:20:18,412 ] 45 root - INFO - converting dtype of all columns to float except target column
[ 2023-05-09 11:20:18,412 ] 45 root - INFO - converting dtype of all columns to float except target column
[ 2023-05-09 11:20:18,412 ] 45 root - INFO - converting dtype of all columns to float except target column
[ 2023-05-09 11:20:18,413 ] 45 root - INFO - converting dtype of all columns to float except target column
[ 2023-05-09 11:20:18,413 ] 45 root - INFO - converting dtype of all columns to float except target column
[ 2023-05-09 11:20:18,414 ] 45 root - INFO - converting dtype of all columns to float except target column
[ 2023-05-09 11:20:18,414 ] 45 root - INFO - converting dtype of all columns to float except target column
[ 2023-05-09 11:20:18,415 ] 45 root - INFO - converting dtype of all columns to float except target column
[ 2023-05-09 11:20:18,415 ] 45 root - INFO - converting dtype of all columns to float except target column
[ 2023-05-09 11:20:18,416 ] 45 root - INFO - converting dtype of all columns to float except target column
[ 2023-05-09 11:20:18,416 ] 45 root - INFO - converting dtype of all columns to float except target column
[ 2023-05-09 11:20:18,417 ] 45 root - INFO - converting dtype of all columns to float except target column
[ 2023-05-09 11:20:18,417 ] 45 root - INFO - converting dtype of all columns to float except target column
[ 2023-05-09 11:20:18,417 ] 45 root - INFO - converting dtype of all columns to float except target column
[ 2023-05-09 11:20:18,418 ] 45 root - INFO - converting dtype of all columns to float except target column
[ 2023-05-09 11:20:18,418 ] 45 root - INFO - converting dtype of all columns to float except target column
[ 2023-05-09 11:20:18,419 ] 45 root - INFO - converting dtype of all columns to float except target column
[ 2023-05-09 11:20:18,419 ] 45 root - INFO - converting dtype of all columns to float except target column
[ 2023-05-09 11:20:18,420 ] 45 root - INFO - converting dtype of all columns to float except target column
[ 2023-05-09 11:20:18,420 ] 45 root - INFO - converting dtype of all columns to float except target column
[ 2023-05-09 11:20:18,421 ] 45 root - INFO - converting dtype of all columns to float except target column
[ 2023-05-09 11:20:18,421 ] 45 root - INFO - converting dtype of all columns to float except target column
[ 2023-05-09 11:20:18,422 ] 45 root - INFO - converting dtype of all columns to float except target column
[ 2023-05-09 11:20:18,422 ] 45 root - INFO - converting dtype of all columns to float except target column
[ 2023-05-09 11:20:18,423 ] 45 root - INFO - converting dtype of all columns to float except target column
[ 2023-05-09 11:20:18,423 ] 45 root - INFO - converting dtype of all columns to float except target column
[ 2023-05-09 11:20:18,424 ] 45 root - INFO - converting dtype of all columns to float except target column
[ 2023-05-09 11:20:18,424 ] 45 root - INFO - converting dtype of all columns to float except target column
[ 2023-05-09 11:20:18,425 ] 45 root - INFO - converting dtype of all columns to float except target column
[ 2023-05-09 11:20:18,425 ] 45 root - INFO - converting dtype of all columns to float except target column
[ 2023-05-09 11:20:18,426 ] 45 root - INFO - converting dtype of all columns to float except target column
[ 2023-05-09 11:20:18,426 ] 45 root - INFO - converting dtype of all columns to float except target column
[ 2023-05-09 11:20:18,427 ] 45 root - INFO - converting dtype of all columns to float except target column
[ 2023-05-09 11:20:18,427 ] 45 root - INFO - converting dtype of all columns to float except target column
[ 2023-05-09 11:20:18,428 ] 45 root - INFO - converting dtype of all columns to float except target column
[ 2023-05-09 11:20:18,428 ] 45 root - INFO - converting dtype of all columns to float except target column
[ 2023-05-09 11:20:18,429 ] 45 root - INFO - converting dtype of all columns to float except target column
[ 2023-05-09 11:20:18,429 ] 45 root - INFO - converting dtype of all columns to float except target column
[ 2023-05-09 11:20:18,430 ] 45 root - INFO - converting dtype of all columns to float except target column
[ 2023-05-09 11:20:18,430 ] 45 root - INFO - converting dtype of all columns to float except target column
[ 2023-05-09 11:20:18,431 ] 45 root - INFO - converting dtype of all columns to float except target column
[ 2023-05-09 11:20:18,431 ] 45 root - INFO - converting dtype of all columns to float except target column
[ 2023-05-09 11:20:18,432 ] 45 root - INFO - converting dtype of all columns to float except target column
[ 2023-05-09 11:20:18,432 ] 45 root - INFO - converting dtype of all columns to float except target column
[ 2023-05-09 11:20:18,433 ] 45 root - INFO - converting dtype of all columns to float except target column
[ 2023-05-09 11:20:18,433 ] 45 root - INFO - converting dtype of all columns to float except target column
[ 2023-05-09 11:20:18,433 ] 45 root - INFO - converting dtype of all columns to float except target column
[ 2023-05-09 11:20:18,434 ] 45 root - INFO - converting dtype of all columns to float except target column
[ 2023-05-09 11:20:18,434 ] 45 root - INFO - converting dtype of all columns to float except target column
[ 2023-05-09 11:20:18,435 ] 45 root - INFO - converting dtype of all columns to float except target column
[ 2023-05-09 11:20:18,435 ] 45 root - INFO - converting dtype of all columns to float except target column
[ 2023-05-09 11:20:18,436 ] 45 root - INFO - converting dtype of all columns to float except target column
[ 2023-05-09 11:20:18,436 ] 45 root - INFO - converting dtype of all columns to float except target column
[ 2023-05-09 11:20:18,437 ] 45 root - INFO - converting dtype of all columns to float except target column
[ 2023-05-09 11:20:18,437 ] 45 root - INFO - converting dtype of all columns to float except target column
[ 2023-05-09 11:20:18,438 ] 45 root - INFO - converting dtype of all columns to float except target column
[ 2023-05-09 11:20:18,438 ] 45 root - INFO - converting dtype of all columns to float except target column
[ 2023-05-09 11:20:18,438 ] 45 root - INFO - converting dtype of all columns to float except target column
[ 2023-05-09 11:20:18,439 ] 45 root - INFO - converting dtype of all columns to float except target column
[ 2023-05-09 11:20:18,439 ] 45 root - INFO - converting dtype of all columns to float except target column
[ 2023-05-09 11:20:18,440 ] 45 root - INFO - converting dtype of all columns to float except target column
[ 2023-05-09 11:20:18,440 ] 45 root - INFO - converting dtype of all columns to float except target column
[ 2023-05-09 11:20:18,441 ] 45 root - INFO - converting dtype of all columns to float except target column
[ 2023-05-09 11:20:18,441 ] 45 root - INFO - converting dtype of all columns to float except target column
[ 2023-05-09 11:20:18,442 ] 45 root - INFO - converting dtype of all columns to float except target column
[ 2023-05-09 11:20:18,442 ] 45 root - INFO - converting dtype of all columns to float except target column
[ 2023-05-09 11:20:18,443 ] 45 root - INFO - converting dtype of all columns to float except target column
[ 2023-05-09 11:20:18,443 ] 45 root - INFO - converting dtype of all columns to float except target column
[ 2023-05-09 11:20:18,443 ] 45 root - INFO - converting dtype of all columns to float except target column
[ 2023-05-09 11:20:18,444 ] 45 root - INFO - converting dtype of all columns to float except target column
[ 2023-05-09 11:20:18,444 ] 45 root - INFO - converting dtype of all columns to float except target column
[ 2023-05-09 11:20:18,445 ] 45 root - INFO - converting dtype of all columns to float except target column
[ 2023-05-09 11:20:18,445 ] 45 root - INFO - converting dtype of all columns to float except target column
[ 2023-05-09 11:20:18,446 ] 45 root - INFO - converting dtype of all columns to float except target column
[ 2023-05-09 11:20:18,446 ] 45 root - INFO - converting dtype of all columns to float except target column
[ 2023-05-09 11:20:18,447 ] 45 root - INFO - converting dtype of all columns to float except target column
[ 2023-05-09 11:20:18,447 ] 45 root - INFO - converting dtype of all columns to float except target column
[ 2023-05-09 11:20:18,448 ] 45 root - INFO - converting dtype of all columns to float except target column
[ 2023-05-09 11:20:18,448 ] 45 root - INFO - converting dtype of all columns to float except target column
[ 2023-05-09 11:20:18,449 ] 45 root - INFO - converting dtype of all columns to float except target column
[ 2023-05-09 11:20:18,449 ] 45 root - INFO - converting dtype of all columns to float except target column
[ 2023-05-09 11:20:18,450 ] 45 root - INFO - converting dtype of all columns to float except target column
[ 2023-05-09 11:20:18,450 ] 45 root - INFO - converting dtype of all columns to float except target column
[ 2023-05-09 11:20:18,451 ] 45 root - INFO - converting dtype of all columns to float except target column
[ 2023-05-09 11:20:18,451 ] 45 root - INFO - converting dtype of all columns to float except target column
[ 2023-05-09 11:20:18,452 ] 45 root - INFO - converting dtype of all columns to float except target column
[ 2023-05-09 11:20:18,452 ] 45 root - INFO - converting dtype of all columns to float except target column
[ 2023-05-09 11:20:18,453 ] 45 root - INFO - converting dtype of all columns to float except target column
[ 2023-05-09 11:20:18,453 ] 45 root - INFO - converting dtype of all columns to float except target column
[ 2023-05-09 11:20:18,454 ] 45 root - INFO - converting dtype of all columns to float except target column
[ 2023-05-09 11:20:18,455 ] 45 root - INFO - converting dtype of all columns to float except target column
[ 2023-05-09 11:20:18,455 ] 45 root - INFO - converting dtype of all columns to float except target column
[ 2023-05-09 11:20:18,455 ] 45 root - INFO - converting dtype of all columns to float except target column
[ 2023-05-09 11:20:18,456 ] 45 root - INFO - converting dtype of all columns to float except target column
[ 2023-05-09 11:20:18,456 ] 45 root - INFO - converting dtype of all columns to float except target column
[ 2023-05-09 11:20:18,457 ] 45 root - INFO - converting dtype of all columns to float except target column
[ 2023-05-09 11:20:18,457 ] 45 root - INFO - converting dtype of all columns to float except target column
[ 2023-05-09 11:20:18,458 ] 45 root - INFO - converting dtype of all columns to float except target column
[ 2023-05-09 11:20:18,458 ] 45 root - INFO - converting dtype of all columns to float except target column
[ 2023-05-09 11:20:18,458 ] 45 root - INFO - converting dtype of all columns to float except target column
[ 2023-05-09 11:20:18,459 ] 45 root - INFO - converting dtype of all columns to float except target column
[ 2023-05-09 11:20:18,459 ] 45 root - INFO - converting dtype of all columns to float except target column
[ 2023-05-09 11:20:18,460 ] 45 root - INFO - converting dtype of all columns to float except target column
[ 2023-05-09 11:20:18,460 ] 45 root - INFO - converting dtype of all columns to float except target column
[ 2023-05-09 11:20:18,460 ] 45 root - INFO - converting dtype of all columns to float except target column
[ 2023-05-09 11:20:18,461 ] 45 root - INFO - converting dtype of all columns to float except target column
[ 2023-05-09 11:20:18,461 ] 45 root - INFO - converting dtype of all columns to float except target column
[ 2023-05-09 11:20:18,462 ] 45 root - INFO - converting dtype of all columns to float except target column
[ 2023-05-09 11:20:18,462 ] 45 root - INFO - converting dtype of all columns to float except target column
[ 2023-05-09 11:20:18,463 ] 45 root - INFO - converting dtype of all columns to float except target column
[ 2023-05-09 11:20:18,463 ] 45 root - INFO - converting dtype of all columns to float except target column
[ 2023-05-09 11:20:18,463 ] 45 root - INFO - converting dtype of all columns to float except target column
[ 2023-05-09 11:20:18,464 ] 45 root - INFO - converting dtype of all columns to float except target column
[ 2023-05-09 11:20:18,464 ] 45 root - INFO - converting dtype of all columns to float except target column
[ 2023-05-09 11:20:18,465 ] 45 root - INFO - converting dtype of all columns to float except target column
[ 2023-05-09 11:20:18,465 ] 45 root - INFO - converting dtype of all columns to float except target column
[ 2023-05-09 11:20:18,466 ] 45 root - INFO - converting dtype of all columns to float except target column
[ 2023-05-09 11:20:18,466 ] 45 root - INFO - converting dtype of all columns to float except target column
[ 2023-05-09 11:20:18,467 ] 45 root - INFO - converting dtype of all columns to float except target column
[ 2023-05-09 11:20:18,467 ] 45 root - INFO - converting dtype of all columns to float except target column
[ 2023-05-09 11:20:18,467 ] 45 root - INFO - converting dtype of all columns to float except target column
[ 2023-05-09 11:20:18,468 ] 45 root - INFO - converting dtype of all columns to float except target column
[ 2023-05-09 11:20:18,468 ] 45 root - INFO - converting dtype of all columns to float except target column
[ 2023-05-09 11:20:18,469 ] 45 root - INFO - converting dtype of all columns to float except target column
[ 2023-05-09 11:20:18,469 ] 45 root - INFO - converting dtype of all columns to float except target column
[ 2023-05-09 11:20:18,470 ] 45 root - INFO - converting dtype of all columns to float except target column
[ 2023-05-09 11:20:18,470 ] 45 root - INFO - converting dtype of all columns to float except target column
[ 2023-05-09 11:20:18,470 ] 45 root - INFO - converting dtype of all columns to float except target column
[ 2023-05-09 11:20:18,471 ] 45 root - INFO - converting dtype of all columns to float except target column
[ 2023-05-09 11:20:18,471 ] 45 root - INFO - converting dtype of all columns to float except target column
[ 2023-05-09 11:20:18,472 ] 45 root - INFO - converting dtype of all columns to float except target column
[ 2023-05-09 11:20:18,472 ] 45 root - INFO - converting dtype of all columns to float except target column
[ 2023-05-09 11:20:18,473 ] 45 root - INFO - converting dtype of all columns to float except target column
[ 2023-05-09 11:20:18,473 ] 45 root - INFO - converting dtype of all columns to float except target column
[ 2023-05-09 11:20:18,473 ] 45 root - INFO - converting dtype of all columns to float except target column
[ 2023-05-09 11:20:18,474 ] 45 root - INFO - converting dtype of all columns to float except target column
[ 2023-05-09 11:20:18,474 ] 45 root - INFO - converting dtype of all columns to float except target column
[ 2023-05-09 11:20:18,475 ] 45 root - INFO - converting dtype of all columns to float except target column
[ 2023-05-09 11:20:18,475 ] 45 root - INFO - converting dtype of all columns to float except target column
[ 2023-05-09 11:20:18,476 ] 45 root - INFO - converting dtype of all columns to float except target column
[ 2023-05-09 11:20:18,476 ] 45 root - INFO - converting dtype of all columns to float except target column
[ 2023-05-09 11:20:18,477 ] 45 root - INFO - converting dtype of all columns to float except target column
[ 2023-05-09 11:20:18,477 ] 45 root - INFO - converting dtype of all columns to float except target column
[ 2023-05-09 11:20:18,477 ] 45 root - INFO - converting dtype of all columns to float except target column
[ 2023-05-09 11:20:18,478 ] 45 root - INFO - converting dtype of all columns to float except target column
[ 2023-05-09 11:20:18,478 ] 45 root - INFO - converting dtype of all columns to float except target column
[ 2023-05-09 11:20:18,479 ] 45 root - INFO - converting dtype of all columns to float except target column
[ 2023-05-09 11:20:18,479 ] 45 root - INFO - converting dtype of all columns to float except target column
[ 2023-05-09 11:20:18,479 ] 45 root - INFO - converting dtype of all columns to float except target column
[ 2023-05-09 11:20:18,480 ] 45 root - INFO - converting dtype of all columns to float except target column
[ 2023-05-09 11:20:18,480 ] 45 root - INFO - converting dtype of all columns to float except target column
[ 2023-05-09 11:20:18,481 ] 45 root - INFO - converting dtype of all columns to float except target column
[ 2023-05-09 11:20:18,481 ] 45 root - INFO - converting dtype of all columns to float except target column
[ 2023-05-09 11:20:18,482 ] 45 root - INFO - converting dtype of all columns to float except target column
[ 2023-05-09 11:20:18,482 ] 45 root - INFO - converting dtype of all columns to float except target column
[ 2023-05-09 11:20:18,482 ] 45 root - INFO - converting dtype of all columns to float except target column
[ 2023-05-09 11:20:18,483 ] 45 root - INFO - converting dtype of all columns to float except target column
[ 2023-05-09 11:20:18,483 ] 45 root - INFO - converting dtype of all columns to float except target column
[ 2023-05-09 11:20:18,484 ] 45 root - INFO - converting dtype of all columns to float except target column
[ 2023-05-09 11:20:18,484 ] 45 root - INFO - converting dtype of all columns to float except target column
[ 2023-05-09 11:20:18,485 ] 45 root - INFO - converting dtype of all columns to float except target column
[ 2023-05-09 11:20:18,485 ] 45 root - INFO - converting dtype of all columns to float except target column
[ 2023-05-09 11:20:18,485 ] 45 root - INFO - converting dtype of all columns to float except target column
[ 2023-05-09 11:20:18,486 ] 45 root - INFO - converting dtype of all columns to float except target column
[ 2023-05-09 11:20:18,486 ] 45 root - INFO - converting dtype of all columns to float except target column
[ 2023-05-09 11:20:18,487 ] 45 root - INFO - converting dtype of all columns to float except target column
[ 2023-05-09 11:20:18,487 ] 45 root - INFO - converting dtype of all columns to float except target column
[ 2023-05-09 11:20:18,487 ] 45 root - INFO - converting dtype of all columns to float except target column
[ 2023-05-09 11:20:18,488 ] 45 root - INFO - converting dtype of all columns to float except target column
[ 2023-05-09 11:20:18,488 ] 45 root - INFO - converting dtype of all columns to float except target column
[ 2023-05-09 11:20:18,489 ] 45 root - INFO - converting dtype of all columns to float except target column
[ 2023-05-09 11:20:18,489 ] 45 root - INFO - converting dtype of all columns to float except target column
[ 2023-05-09 11:20:18,490 ] 45 root - INFO - converting dtype of all columns to float except target column
[ 2023-05-09 11:20:18,490 ] 45 root - INFO - converting dtype of all columns to float except target column
[ 2023-05-09 11:20:18,490 ] 45 root - INFO - converting dtype of all columns to float except target column
[ 2023-05-09 11:20:18,491 ] 45 root - INFO - converting dtype of all columns to float except target column
[ 2023-05-09 11:20:18,491 ] 45 root - INFO - converting dtype of all columns to float except target column
[ 2023-05-09 11:20:18,492 ] 45 root - INFO - converting dtype of all columns to float except target column
[ 2023-05-09 11:20:18,492 ] 45 root - INFO - converting dtype of all columns to float except target column
[ 2023-05-09 11:20:18,493 ] 45 root - INFO - converting dtype of all columns to float except target column
[ 2023-05-09 11:20:18,493 ] 45 root - INFO - converting dtype of all columns to float except target column
[ 2023-05-09 11:20:18,493 ] 45 root - INFO - converting dtype of all columns to float except target column
[ 2023-05-09 11:20:18,494 ] 45 root - INFO - converting dtype of all columns to float except target column
[ 2023-05-09 11:20:18,494 ] 45 root - INFO - converting dtype of all columns to float except target column
[ 2023-05-09 11:20:18,495 ] 45 root - INFO - converting dtype of all columns to float except target column
[ 2023-05-09 11:20:18,495 ] 45 root - INFO - converting dtype of all columns to float except target column
[ 2023-05-09 11:20:18,495 ] 45 root - INFO - converting dtype of all columns to float except target column
[ 2023-05-09 11:20:18,496 ] 45 root - INFO - converting dtype of all columns to float except target column
[ 2023-05-09 11:20:18,496 ] 45 root - INFO - converting dtype of all columns to float except target column
[ 2023-05-09 11:20:18,497 ] 45 root - INFO - converting dtype of all columns to float except target column
[ 2023-05-09 11:20:18,497 ] 45 root - INFO - converting dtype of all columns to float except target column
[ 2023-05-09 11:20:18,498 ] 45 root - INFO - converting dtype of all columns to float except target column
[ 2023-05-09 11:20:18,498 ] 45 root - INFO - converting dtype of all columns to float except target column
[ 2023-05-09 11:20:18,498 ] 45 root - INFO - converting dtype of all columns to float except target column
[ 2023-05-09 11:20:18,499 ] 45 root - INFO - converting dtype of all columns to float except target column
[ 2023-05-09 11:20:18,499 ] 45 root - INFO - converting dtype of all columns to float except target column
[ 2023-05-09 11:20:18,500 ] 45 root - INFO - converting dtype of all columns to float except target column
[ 2023-05-09 11:20:18,500 ] 45 root - INFO - converting dtype of all columns to float except target column
[ 2023-05-09 11:20:18,500 ] 45 root - INFO - converting dtype of all columns to float except target column
[ 2023-05-09 11:20:18,501 ] 45 root - INFO - converting dtype of all columns to float except target column
[ 2023-05-09 11:20:18,501 ] 45 root - INFO - converting dtype of all columns to float except target column
[ 2023-05-09 11:20:18,502 ] 45 root - INFO - converting dtype of all columns to float except target column
[ 2023-05-09 11:20:18,502 ] 45 root - INFO - converting dtype of all columns to float except target column
[ 2023-05-09 11:20:18,503 ] 45 root - INFO - converting dtype of all columns to float except target column
[ 2023-05-09 11:20:18,503 ] 45 root - INFO - converting dtype of all columns to float except target column
[ 2023-05-09 11:20:18,503 ] 45 root - INFO - converting dtype of all columns to float except target column
[ 2023-05-09 11:20:18,504 ] 45 root - INFO - converting dtype of all columns to float except target column
[ 2023-05-09 11:20:18,504 ] 45 root - INFO - converting dtype of all columns to float except target column
[ 2023-05-09 11:20:18,505 ] 45 root - INFO - converting dtype of all columns to float except target column
[ 2023-05-09 11:20:18,505 ] 45 root - INFO - converting dtype of all columns to float except target column
[ 2023-05-09 11:20:18,505 ] 45 root - INFO - converting dtype of all columns to float except target column
[ 2023-05-09 11:20:18,506 ] 45 root - INFO - converting dtype of all columns to float except target column
[ 2023-05-09 11:20:18,506 ] 45 root - INFO - converting dtype of all columns to float except target column
[ 2023-05-09 11:20:18,507 ] 45 root - INFO - converting dtype of all columns to float except target column
[ 2023-05-09 11:20:18,507 ] 45 root - INFO - converting dtype of all columns to float except target column
[ 2023-05-09 11:20:18,508 ] 45 root - INFO - converting dtype of all columns to float except target column
[ 2023-05-09 11:20:18,508 ] 45 root - INFO - converting dtype of all columns to float except target column
[ 2023-05-09 11:20:18,508 ] 45 root - INFO - converting dtype of all columns to float except target column
[ 2023-05-09 11:20:18,509 ] 45 root - INFO - converting dtype of all columns to float except target column
[ 2023-05-09 11:20:18,509 ] 45 root - INFO - converting dtype of all columns to float except target column
[ 2023-05-09 11:20:18,510 ] 45 root - INFO - converting dtype of all columns to float except target column
[ 2023-05-09 11:20:18,510 ] 45 root - INFO - converting dtype of all columns to float except target column
[ 2023-05-09 11:20:18,510 ] 45 root - INFO - converting dtype of all columns to float except target column
[ 2023-05-09 11:20:18,511 ] 45 root - INFO - converting dtype of all columns to float except target column
[ 2023-05-09 11:20:18,511 ] 45 root - INFO - converting dtype of all columns to float except target column
[ 2023-05-09 11:20:18,512 ] 45 root - INFO - converting dtype of all columns to float except target column
[ 2023-05-09 11:20:18,512 ] 45 root - INFO - converting dtype of all columns to float except target column
[ 2023-05-09 11:20:18,513 ] 45 root - INFO - converting dtype of all columns to float except target column
[ 2023-05-09 11:20:18,513 ] 45 root - INFO - converting dtype of all columns to float except target column
[ 2023-05-09 11:20:18,513 ] 45 root - INFO - converting dtype of all columns to float except target column
[ 2023-05-09 11:20:18,514 ] 45 root - INFO - converting dtype of all columns to float except target column
[ 2023-05-09 11:20:18,514 ] 45 root - INFO - converting dtype of all columns to float except target column
[ 2023-05-09 11:20:18,515 ] 45 root - INFO - converting dtype of all columns to float except target column
[ 2023-05-09 11:20:18,515 ] 45 root - INFO - converting dtype of all columns to float except target column
[ 2023-05-09 11:20:18,516 ] 45 root - INFO - converting dtype of all columns to float except target column
[ 2023-05-09 11:20:18,516 ] 45 root - INFO - converting dtype of all columns to float except target column
[ 2023-05-09 11:20:18,516 ] 133 root - INFO - checking for required columns in train and test df
[ 2023-05-09 11:20:18,517 ] 138 root - INFO - As all column are available in train df hence detecting data drift
